{"/Users/akanksha/WebstormProjects/twitter-service-web-app/src/App.js": {"path":"/Users/akanksha/WebstormProjects/twitter-service-web-app/src/App.js","statementMap":{"0":{"start":{"line":7,"column":21},"end":{"line":13,"column":23}},"1":{"start":{"line":14,"column":21},"end":{"line":21,"column":1}},"2":{"start":{"line":23,"column":23},"end":{"line":31,"column":1}},"3":{"start":{"line":32,"column":25},"end":{"line":36,"column":1}},"4":{"start":{"line":37,"column":13},"end":{"line":43,"column":24}},"5":{"start":{"line":48,"column":48},"end":{"line":48,"column":60}},"6":{"start":{"line":49,"column":46},"end":{"line":49,"column":58}},"7":{"start":{"line":50,"column":52},"end":{"line":50,"column":64}},"8":{"start":{"line":53,"column":54},"end":{"line":53,"column":66}},"9":{"start":{"line":54,"column":52},"end":{"line":54,"column":64}},"10":{"start":{"line":55,"column":58},"end":{"line":55,"column":70}},"11":{"start":{"line":57,"column":24},"end":{"line":80,"column":5}},"12":{"start":{"line":58,"column":8},"end":{"line":79,"column":9}},"13":{"start":{"line":60,"column":25},"end":{"line":62,"column":14}},"14":{"start":{"line":64,"column":27},"end":{"line":71,"column":13}},"15":{"start":{"line":73,"column":24},"end":{"line":73,"column":43}},"16":{"start":{"line":74,"column":12},"end":{"line":75,"column":142}},"17":{"start":{"line":77,"column":12},"end":{"line":77,"column":51}},"18":{"start":{"line":83,"column":23},"end":{"line":105,"column":5}},"19":{"start":{"line":84,"column":8},"end":{"line":104,"column":9}},"20":{"start":{"line":86,"column":25},"end":{"line":88,"column":14}},"21":{"start":{"line":90,"column":27},"end":{"line":97,"column":13}},"22":{"start":{"line":99,"column":24},"end":{"line":99,"column":43}},"23":{"start":{"line":100,"column":12},"end":{"line":100,"column":150}},"24":{"start":{"line":102,"column":12},"end":{"line":102,"column":50}},"25":{"start":{"line":107,"column":26},"end":{"line":129,"column":5}},"26":{"start":{"line":108,"column":8},"end":{"line":128,"column":9}},"27":{"start":{"line":110,"column":25},"end":{"line":112,"column":14}},"28":{"start":{"line":114,"column":27},"end":{"line":121,"column":13}},"29":{"start":{"line":123,"column":24},"end":{"line":123,"column":43}},"30":{"start":{"line":124,"column":12},"end":{"line":124,"column":157}},"31":{"start":{"line":126,"column":12},"end":{"line":126,"column":53}},"32":{"start":{"line":131,"column":4},"end":{"line":187,"column":6}},"33":{"start":{"line":153,"column":32},"end":{"line":153,"column":69}},"34":{"start":{"line":164,"column":32},"end":{"line":164,"column":68}},"35":{"start":{"line":172,"column":28},"end":{"line":172,"column":67}}},"fnMap":{"0":{"name":"App","decl":{"start":{"line":45,"column":9},"end":{"line":45,"column":12}},"loc":{"start":{"line":45,"column":15},"end":{"line":188,"column":1}},"line":45},"1":{"name":"(anonymous_1)","decl":{"start":{"line":57,"column":24},"end":{"line":57,"column":25}},"loc":{"start":{"line":57,"column":36},"end":{"line":80,"column":5}},"line":57},"2":{"name":"(anonymous_2)","decl":{"start":{"line":83,"column":23},"end":{"line":83,"column":24}},"loc":{"start":{"line":83,"column":35},"end":{"line":105,"column":5}},"line":83},"3":{"name":"(anonymous_3)","decl":{"start":{"line":107,"column":26},"end":{"line":107,"column":27}},"loc":{"start":{"line":107,"column":38},"end":{"line":129,"column":5}},"line":107},"4":{"name":"(anonymous_4)","decl":{"start":{"line":152,"column":38},"end":{"line":152,"column":39}},"loc":{"start":{"line":152,"column":47},"end":{"line":154,"column":29}},"line":152},"5":{"name":"(anonymous_5)","decl":{"start":{"line":163,"column":38},"end":{"line":163,"column":39}},"loc":{"start":{"line":163,"column":47},"end":{"line":165,"column":29}},"line":163},"6":{"name":"(anonymous_6)","decl":{"start":{"line":171,"column":110},"end":{"line":171,"column":111}},"loc":{"start":{"line":171,"column":119},"end":{"line":173,"column":25}},"line":171}},"branchMap":{},"s":{"0":1,"1":1,"2":1,"3":1,"4":1,"5":5,"6":4,"7":4,"8":4,"9":4,"10":4,"11":4,"12":0,"13":0,"14":0,"15":0,"16":0,"17":0,"18":4,"19":0,"20":0,"21":0,"22":0,"23":0,"24":0,"25":4,"26":0,"27":0,"28":0,"29":0,"30":0,"31":0,"32":4,"33":0,"34":0,"35":0},"f":{"0":5,"1":0,"2":0,"3":0,"4":0,"5":0,"6":0},"b":{},"_coverageSchema":"1a1c01bbd47fc00a2c39e90264f33305004495a9","hash":"ecf7e2a4e5499318b868a4f656fb6eafc1089ced"}
}
