TN:
SF:src/App.js
FN:45,App
FN:57,(anonymous_1)
FN:83,(anonymous_2)
FN:107,(anonymous_3)
FN:152,(anonymous_4)
FN:163,(anonymous_5)
FN:171,(anonymous_6)
FNF:7
FNH:1
FNDA:5,App
FNDA:0,(anonymous_1)
FNDA:0,(anonymous_2)
FNDA:0,(anonymous_3)
FNDA:0,(anonymous_4)
FNDA:0,(anonymous_5)
FNDA:0,(anonymous_6)
DA:7,1
DA:14,1
DA:23,1
DA:32,1
DA:37,1
DA:48,5
DA:49,4
DA:50,4
DA:53,4
DA:54,4
DA:55,4
DA:57,4
DA:58,0
DA:60,0
DA:64,0
DA:73,0
DA:74,0
DA:77,0
DA:83,4
DA:84,0
DA:86,0
DA:90,0
DA:99,0
DA:100,0
DA:102,0
DA:107,4
DA:108,0
DA:110,0
DA:114,0
DA:123,0
DA:124,0
DA:126,0
DA:131,4
DA:153,0
DA:164,0
DA:172,0
LF:36
LH:15
BRF:0
BRH:0
end_of_record
